309#40
025#00
309#40
008#000003000000
025#00
227#78767676767676
207#709F669F659F0C
305#79F2A100749F699D
325#350C0000000000
309#40
181#40004281020B
182#40004280020B
008#000003000000
025#00
309#40
025#00
008#000003000000
004#E000
046#00
204#00
201#900000
202#900000
224#FF7FFF7FFF7FFF7F
025#00
008#000003000000
004#E000
201#900000
202#900000
224#FF7FFF7FFF7FFF7F
025#00
008#000003000000
121#1A00
421#01000000E5
004#E000
201#900000
202#900000
224#FF7FFF7FFF7FFF7F
182#D80004000001
181#D80004000001
181#8F2000040002
025#00
182#8F2000040002
227#7B767676647676
207#649F649F659F0F
305#79F28000739F6A9D
325#300C0000000000
181#A8000003
182#A8000003
345#747700
128#C0
308#FFF906000000
328#97B6000030
181#492B2A04
182#49352A04
004#E000
201#900000
202#900000
224#FF7FFF7FFF7FFF7F
368#0000FFA09BA197A1
388#30E40100
3A8#C96D2B6DBD650268
008#000003000000
181#4AD72A05
182#4AE02C05
025#00
182#27000006
181#26000006
181#27000007
182#26000007
004#E000
201#900000
202#900000
224#FF7FFF7FFF7FFF7F
008#000003000000
025#00
004#E000
201#900000
202#900000
224#FF7FFF7FFF7FFF7F
109#3C00
025#00
008#000003000000
224#FF7FFF7FFF7FFF7F
201#900000
202#900000
004#E000
430#7C076D070000
025#00
008#000003000000
32A#FF7F
30A#FF7F
004#E000
201#900000
202#900000
224#FF7FFF7FFF7FFF7F
025#00
227#7E647676767575
207#649F659F689F12
305#79F26000759F6A9D
325#300C0000000000
008#000003000000
181#40004281020B
182#40004280020B
004#E000
201#900000
202#900000
224#FF7FFF7FFF7FFF7F
025#00
008#000003000000
004#E000
201#900000
202#900000
224#FF7FFF7FFF7FFF7F
025#00
008#000003000000
004#E000
046#80
204#20
201#900000
202#900000
224#FF7FFF7FFF7FFF7F
025#40
025#40
025#40
008#000003000000
004#E000
201#900000
202#900000
224#FF7FFF7FFF7FFF7F
025#40
005#00040000
008#000003000000
004#E000
201#900000
202#900000
224#FF7FFF7FFF7FFF7F
182#D80004000001
181#D80004000001
181#8F2000040002
182#8F2000040002
025#40
005#00040000
227#81767575757575
207#649F699F6B9F15
305#79F26000739F6A9D
325#350C0000000000
181#A8000003
182#A8000003
345#747700
128#C0
308#FFFD06000000
328#ADB6000030
181#492B2A04
182#49342A04
004#E000
201#900000
202#900000
224#FF7FFF7FFF7FFF7F
181#4AD72A05
182#4ADD2C05
025#40
005#00040000
368#0000E2A080A17EA1
388#E0E30100
3A8#FE6DF66C81643768
3C8#CC8CFF7F
461#0100000001
182#27000006
348#DA4F
108#0001000100010001
181#26000006
181#27000007
182#26000007
008#000003000000
025#40
004#E000
201#900000
202#900000
224#FF7FFF7FFF7FFF7F
025#40
008#000003000000
109#3C00
004#E000
201#900000
202#900000
224#FF7FFF7FFF7FFF7F
025#40
008#000003000000
004#E000
201#900000
202#900000
224#FF7FFF7FFF7FFF7F
025#40
008#000003000000
004#E000
201#900000
202#900000
224#FF7FFF7FFF7FFF7F
025#40
227#84757575747574
207#669F689F6B9F18
305#59F2C715739F6A9D
325#720C0500000000
181#40004281020B
182#40004280020B
008#000003000000
004#E000
201#900000
202#900000
224#FF7FFF7FFF7FFF7F
025#40
004#E000
201#900000
202#900000
224#FF7FFF7FFF7FFF7F
008#000003000000
025#40
004#E000
046#80
204#20
201#900000
202#900000
224#FF7FFF7FFF7FFF7F
008#000003000000
025#40
004#E000
201#900000
202#900000
224#FF7FFF7FFF7FFF7F
008#000003000000
025#40
182#D80004000001
004#E000
201#900000
202#900000
224#FF7FFF7FFF7FFF7F
181#D80004000001
181#8F2000040002
182#8F2000040002
025#40
227#87747574757575
207#709F6E9F6C9F1B
305#79F2181F729F679D
325#630C0500000000
181#A8000003
182#A8000003
345#747700
128#C0
308#1FE506000000
328#97B6000030
368#0000ECA08BA184A1
388#FBE30100
3A8#946DC16CBD65DE69
181#492C2A04
008#000003000000
182#49342A04
004#E000
201#900000
202#900000
224#FF7FFF7FFF7FFF7F
181#4ADA2A05
182#4AE72C05
025#40
182#27000006
181#26000006
181#27020007
182#26000007
008#000003000000
004#E000
201#900000
202#900000
224#FF7FFF7FFF7FFF7F
025#40
004#E000
201#900000
202#900000
224#FF7FFF7FFF7FFF7F
008#000003000000
025#40
004#E000
201#900000
202#900000
224#FF7FFF7FFF7FFF7F
430#7D0730110000
008#000003000000
025#40
004#E000
201#900000
202#900000
224#FF7FFF7FFF7FFF7F
008#000003000000
025#40
227#8A757575747474
207#639F679F6B9F1E
305#79F2E827739F689D
325#680C0800000000
109#3C00
181#40004281020B
182#40004280020B
004#E000
201#900000
202#900000
224#FF7FFF7FFF7FFF7F
025#40
008#000003000000
004#E000
201#900000
202#900000
224#FF7FFF7FFF7FFF7F
025#40
008#000003000000
004#E000
046#80
204#20
201#900000
202#900000
224#FF7FFF7FFF7FFF7F
025#40
008#000003000000
025#40
008#000003000000
182#D80004000001
181#D80004000001
181#8F2000040002
182#8F2000040002
025#40
227#8D747474747474
207#639F699F6F9F21
305#79F25830739F689D
325#6D0C0B00000000
181#A8000003
182#A8000003
345#747700
128#C0
308#1FE506000000
247#00
007#00
307#000000
328#C5B6000030
441#0100000001
181#492A2A04
182#49342A04
181#4AD32A05
368#0000FCA097A192A1
388#25E40100
3A8#606D576C64679967
182#4AE72C05
008#000003000000
025#40
182#27000006
181#26000006
181#27000007
182#26000007
008#000003000000
025#40
025#40
008#000003000000
109#3C00
025#40
008#000003000000
025#40
227#90747474747473
207#F39EE99EE89E24
305#79F26638739F689D
325#680C0B00000000
008#000003000000
004#E000
201#900000
202#900000
224#FF7FFF7FFF7FFF7F
181#40004281020B
182#40004280020B
025#40
202#900000
008#000003000000
004#E000
201#900000
224#FF7FFF7FFF7FFF7F
025#40
004#E000
201#900000
202#900000
224#FF7FFF7FFF7FFF7F
008#000003000000
204#20
046#80
025#40
004#E000
201#900000
202#900000
224#FF7FFF7FFF7FFF7F
008#000003000000
025#40
004#E000
201#900000
202#900000
224#FF7FFF7FFF7FFF7F
182#D80004000001
008#000003000000
181#D80004000001
181#8F2000040002
182#8F2000040002
025#40
227#937474736F7575
207#E79ECE9EC29E27
305#79F21440729F689D
325#680C0D00000000
181#A8000003
182#A8000003
345#747700
128#C0
308#1FE506000000
328#9FB6000030
224#FF7FFF7FFF7FFF7F
202#900000
201#900000
004#E000
181#49292A04
182#49342A04
181#4AD92A05
182#4AE42C05
025#40
182#27FEFF06
368#0000F7A094A18FA1
388#19E40100
3A8#946D2B6DF2652766
181#26000006
181#27010007
008#000003000000
182#26000007
004#E000
201#900000
202#900000
224#FF7FFF7FFF7FFF7F
109#3C00
008#000003000000
025#40
004#E000
201#900000
202#900000
224#FF7FFF7FFF7FFF7F
008#000003000000
025#40
004#E000
201#900000
202#900000
224#FF7FFF7FFF7FFF7F
430#7E073B1F0000
008#000003000000
025#40
224#FF7FFF7FFF7FFF7F
202#900000
201#900000
004#E000
025#40
008#000003000000
207#EE9EEF9EEF9E2A
227#966F7575757575
305#79F26147729F699D
325#680C0E00000000
004#E000
201#900000
202#900000
224#FF7FFF7FFF7FFF7F
181#40004281020B
182#40004280020B
025#40
008#000003000000
004#E000
201#900000
202#900000
224#FF7FFF7FFF7FFF7F
025#40
008#000003000000
004#E000
201#900000
202#900000
224#FF7FFF7FFF7FFF7F
204#20
046#80
025#40
008#000003000000
202#900000
004#E000
201#900000
224#FF7FFF7FFF7FFF7F
025#40
004#E000
201#900000
202#900000
224#FF7FFF7FFF7FFF7F
008#000003000000
182#D80004000001
181#D80004000001
181#8F2000040002
182#8F2000040002
025#40
227#99757575757575
207#EC9EED9EEE9E2D
305#79F26E4E729F699D
325#680C1000000000
181#A8000003
182#A8000003
345#747700
128#C0
308#1FE506000000
328#97B6000030
004#E000
201#900000
202#900000
224#FF7FFF7FFF7FFF7F
181#492A2A04
182#49362A04
181#4AD52A05
182#4AE12C05
368#0000FCA09BA196A1
388#2DE40100
3A8#F66C576C4C642F67
008#000003000000
025#40
182#27000006
181#26000006
181#27000007
182#26000007
004#E000
201#900000
202#900000
224#FF7FFF7FFF7FFF7F
109#3C00
025#40
008#000003000000
202#900000
004#E000
201#900000
224#FF7FFF7FFF7FFF7F
025#40
008#000003000000
004#E000
201#900000
202#900000
224#FF7FFF7FFF7FFF7F
025#40
008#000003000000
004#E000
201#900000
202#900000
224#FF7FFF7FFF7FFF7F
025#40
227#9C757575747575
207#EE9EED9EEE9E30
305#79F21A55729F689D
325#680C1100000000
008#000003000000
004#E000
201#900000
202#900000
224#FF7FFF7FFF7FFF7F
181#40004281020B
182#40004280020B
025#40
004#E000
201#900000
202#900000
224#FF7FFF7FFF7FFF7F
008#000003000000
025#40
004#E000
201#900000
202#900000
224#FF7FFF7FFF7FFF7F
008#000003000000
204#20
046#80
025#40
32A#FF7F
30A#FF7F
004#E000
201#900000
202#900000
224#FF7FFF7FFF7FFF7F
008#000003000000
025#40
004#E000
201#900000
202#900000
224#FF7FFF7FFF7FFF7F
182#D80004000001
181#D80004000001
181#8F2000040002
182#8F2000040002
025#40
227#9F747575747475
207#ED9EEC9EE59E33
305#79F2865B739F6A9D
325#680C1300000000
368#0000FDA09CA195A1
388#2EE40100
181#A8000003
108#0001000100010001
3A8#2B6D8C6CBD65CE67
182#A8000003
008#000003000000
345#747700
128#C0
308#1FE506000000
328#A2B6000030
004#E000
201#900000
202#900000
224#FF7FFF7FFF7FFF7F
181#492A2A04
182#49362A04
181#4AD62A05
182#4AE82C05
025#40
182#27FFFF06
181#26000006
181#27000007
182#26000007
008#000003000000
004#E000
201#900000
202#900000
224#FF7FFF7FFF7FFF7F
109#3C00
025#40
224#FF7FFF7FFF7FFF7F
202#900000
201#900000
004#E000
008#000003000000
025#40
004#E000
201#900000
202#900000
224#FF7FFF7FFF7FFF7F
430#7F07EC2A0000
008#000003000000
025#40
004#E000
201#900000
202#900000
224#FF7FFF7FFF7FFF7F
008#000003000000
025#40
227#A2747475757574
207#649F5C9F649F36
305#79F29161739F6A9D
325#630C1200000000
004#E000
201#900000
202#900000
224#FF7FFF7FFF7FFF7F
181#40004281020B
182#40004280020B
008#000003000000
025#40
008#000003000000
025#40
008#000003000000
025#40
008#000003000000
025#40
182#D80004000001
181#D80004000001